mode: set
github.com/user/armage/pkg/agent/agent.go:54.55,62.2 1 1
github.com/user/armage/pkg/agent/agent.go:65.41,74.16 3 1
github.com/user/armage/pkg/agent/agent.go:74.16,76.3 1 0
github.com/user/armage/pkg/agent/agent.go:77.2,77.39 1 1
github.com/user/armage/pkg/agent/agent.go:81.41,83.16 2 1
github.com/user/armage/pkg/agent/agent.go:83.16,85.3 1 0
github.com/user/armage/pkg/agent/agent.go:86.2,87.53 2 1
github.com/user/armage/pkg/agent/agent.go:87.53,89.3 1 0
github.com/user/armage/pkg/agent/agent.go:90.2,95.12 6 1
github.com/user/armage/pkg/agent/agent.go:99.48,101.2 1 1
github.com/user/armage/pkg/agent/agent.go:104.44,106.16 2 1
github.com/user/armage/pkg/agent/agent.go:106.16,108.3 1 0
github.com/user/armage/pkg/agent/agent.go:110.2,112.34 2 1
github.com/user/armage/pkg/agent/agent.go:112.34,113.16 1 0
github.com/user/armage/pkg/agent/agent.go:113.16,115.4 1 0
github.com/user/armage/pkg/agent/agent.go:118.2,121.116 3 1
github.com/user/armage/pkg/agent/agent.go:121.116,127.3 5 1
github.com/user/armage/pkg/agent/agent.go:127.8,129.3 1 1
github.com/user/armage/pkg/agent/agent.go:131.2,131.12 1 1
github.com/user/armage/pkg/agent/agent.go:135.77,136.17 1 1
github.com/user/armage/pkg/agent/agent.go:136.17,138.3 1 1
github.com/user/armage/pkg/agent/agent.go:141.2,142.16 2 1
github.com/user/armage/pkg/agent/agent.go:142.16,144.3 1 0
github.com/user/armage/pkg/agent/agent.go:145.2,154.16 6 1
github.com/user/armage/pkg/agent/agent.go:154.16,157.3 2 0
github.com/user/armage/pkg/agent/agent.go:160.2,161.40 2 1
github.com/user/armage/pkg/agent/agent.go:161.40,169.3 3 1
github.com/user/armage/pkg/agent/agent.go:172.2,172.24 1 1
github.com/user/armage/pkg/agent/agent.go:172.24,174.3 1 0
github.com/user/armage/pkg/agent/agent.go:176.2,184.24 2 1
github.com/user/armage/pkg/agent/agent.go:184.24,185.24 1 1
github.com/user/armage/pkg/agent/agent.go:185.24,189.4 3 1
github.com/user/armage/pkg/agent/agent.go:190.3,190.38 1 1
github.com/user/armage/pkg/agent/agent.go:193.2,194.17 2 1
github.com/user/armage/pkg/agent/agent.go:198.92,204.16 5 1
github.com/user/armage/pkg/agent/agent.go:204.16,206.3 1 0
github.com/user/armage/pkg/agent/agent.go:209.2,214.16 5 1
github.com/user/armage/pkg/agent/agent.go:214.16,216.3 1 0
github.com/user/armage/pkg/agent/agent.go:218.2,223.8 1 1
github.com/user/armage/pkg/agent/agent.go:226.50,227.57 1 1
github.com/user/armage/pkg/agent/agent.go:227.57,229.3 1 1
github.com/user/armage/pkg/agent/agent.go:231.2,232.32 2 1
github.com/user/armage/pkg/agent/agent.go:232.32,233.27 1 1
github.com/user/armage/pkg/agent/agent.go:233.27,235.4 1 1
github.com/user/armage/pkg/agent/agent.go:235.9,236.9 1 1
github.com/user/armage/pkg/agent/agent.go:240.2,241.19 2 1
github.com/user/armage/pkg/agent/agent.go:241.19,243.3 1 1
github.com/user/armage/pkg/agent/agent.go:245.2,246.29 2 1
github.com/user/armage/pkg/agent/agent.go:246.29,248.3 1 0
github.com/user/armage/pkg/agent/agent.go:250.2,252.16 3 1
github.com/user/armage/pkg/agent/agent.go:252.16,263.3 6 1
github.com/user/armage/pkg/agent/agent.go:263.8,268.3 4 0
github.com/user/armage/pkg/agent/agent.go:271.93,272.24 1 1
github.com/user/armage/pkg/agent/agent.go:272.24,274.3 1 0
github.com/user/armage/pkg/agent/agent.go:276.2,282.16 4 1
github.com/user/armage/pkg/agent/agent.go:282.16,284.3 1 0
github.com/user/armage/pkg/agent/agent.go:286.2,286.65 1 1
github.com/user/armage/pkg/agent/agent.go:286.65,288.3 1 1
github.com/user/armage/pkg/agent/agent.go:290.2,290.21 1 1
github.com/user/armage/pkg/agent/agent.go:294.66,295.28 1 1
github.com/user/armage/pkg/agent/agent.go:295.28,297.3 1 0
github.com/user/armage/pkg/agent/agent.go:298.2,302.17 5 1
github.com/user/armage/pkg/agent/agent.go:306.87,309.35 2 1
github.com/user/armage/pkg/agent/agent.go:309.35,312.14 3 1
github.com/user/armage/pkg/agent/agent.go:312.14,314.4 1 1
github.com/user/armage/pkg/agent/agent.go:314.9,317.18 3 1
github.com/user/armage/pkg/agent/agent.go:317.18,319.5 1 1
github.com/user/armage/pkg/agent/agent.go:321.3,321.98 1 1
github.com/user/armage/pkg/agent/agent.go:324.2,328.17 4 1
github.com/user/armage/pkg/agent/diff_tool.go:19.34,19.61 1 0
github.com/user/armage/pkg/agent/diff_tool.go:21.41,23.2 1 0
github.com/user/armage/pkg/agent/diff_tool.go:25.78,27.57 2 0
github.com/user/armage/pkg/agent/diff_tool.go:27.57,29.3 1 0
github.com/user/armage/pkg/agent/diff_tool.go:31.2,31.34 1 0
github.com/user/armage/pkg/agent/diff_tool.go:31.34,33.3 1 0
github.com/user/armage/pkg/agent/diff_tool.go:35.2,36.16 2 0
github.com/user/armage/pkg/agent/diff_tool.go:36.16,38.3 1 0
github.com/user/armage/pkg/agent/diff_tool.go:42.2,42.48 1 0
github.com/user/armage/pkg/agent/diff_tool.go:42.48,44.3 1 0
github.com/user/armage/pkg/agent/diff_tool.go:46.2,50.72 3 0
github.com/user/armage/pkg/agent/diff_tool.go:50.72,52.3 1 0
github.com/user/armage/pkg/agent/diff_tool.go:53.2,53.51 1 0
github.com/user/armage/pkg/agent/diff_tool.go:53.51,56.3 2 0
github.com/user/armage/pkg/agent/diff_tool.go:58.2,58.60 1 0
github.com/user/armage/pkg/agent/list_dir_tool.go:14.37,14.58 1 0
github.com/user/armage/pkg/agent/list_dir_tool.go:15.44,17.2 1 0
github.com/user/armage/pkg/agent/list_dir_tool.go:24.81,27.57 2 1
github.com/user/armage/pkg/agent/list_dir_tool.go:27.57,31.3 2 1
github.com/user/armage/pkg/agent/list_dir_tool.go:33.2,33.18 1 1
github.com/user/armage/pkg/agent/list_dir_tool.go:33.18,35.3 1 0
github.com/user/armage/pkg/agent/list_dir_tool.go:36.2,36.18 1 1
github.com/user/armage/pkg/agent/list_dir_tool.go:36.18,38.3 1 0
github.com/user/armage/pkg/agent/list_dir_tool.go:40.2,41.84 2 1
github.com/user/armage/pkg/agent/list_dir_tool.go:41.84,42.17 1 1
github.com/user/armage/pkg/agent/list_dir_tool.go:42.17,44.4 1 0
github.com/user/armage/pkg/agent/list_dir_tool.go:47.3,49.17 3 1
github.com/user/armage/pkg/agent/list_dir_tool.go:49.17,51.4 1 1
github.com/user/armage/pkg/agent/list_dir_tool.go:53.3,53.22 1 1
github.com/user/armage/pkg/agent/list_dir_tool.go:53.22,54.17 1 0
github.com/user/armage/pkg/agent/list_dir_tool.go:54.17,56.5 1 0
github.com/user/armage/pkg/agent/list_dir_tool.go:57.4,57.14 1 0
github.com/user/armage/pkg/agent/list_dir_tool.go:61.3,61.78 1 1
github.com/user/armage/pkg/agent/list_dir_tool.go:61.78,62.17 1 0
github.com/user/armage/pkg/agent/list_dir_tool.go:62.17,64.5 1 0
github.com/user/armage/pkg/agent/list_dir_tool.go:65.4,65.14 1 0
github.com/user/armage/pkg/agent/list_dir_tool.go:68.3,69.16 2 1
github.com/user/armage/pkg/agent/list_dir_tool.go:69.16,71.4 1 1
github.com/user/armage/pkg/agent/list_dir_tool.go:71.9,73.4 1 1
github.com/user/armage/pkg/agent/list_dir_tool.go:75.3,75.13 1 1
github.com/user/armage/pkg/agent/list_dir_tool.go:78.2,78.16 1 1
github.com/user/armage/pkg/agent/list_dir_tool.go:78.16,80.3 1 0
github.com/user/armage/pkg/agent/list_dir_tool.go:82.2,82.48 1 1
github.com/user/armage/pkg/agent/parser.go:21.76,25.82 2 1
github.com/user/armage/pkg/agent/parser.go:25.82,31.72 2 1
github.com/user/armage/pkg/agent/parser.go:31.72,33.28 2 1
github.com/user/armage/pkg/agent/parser.go:33.28,37.5 2 0
github.com/user/armage/pkg/agent/parser.go:38.4,38.34 1 1
github.com/user/armage/pkg/agent/parser.go:38.34,40.5 1 1
github.com/user/armage/pkg/agent/parser.go:41.4,41.43 1 1
github.com/user/armage/pkg/agent/parser.go:41.43,43.5 1 1
github.com/user/armage/pkg/agent/parser.go:48.2,49.27 2 1
github.com/user/armage/pkg/agent/parser.go:49.27,51.3 1 1
github.com/user/armage/pkg/agent/parser.go:54.2,55.29 2 1
github.com/user/armage/pkg/agent/parser.go:55.29,57.41 2 1
github.com/user/armage/pkg/agent/parser.go:57.41,62.24 4 1
github.com/user/armage/pkg/agent/parser.go:62.24,68.53 4 1
github.com/user/armage/pkg/agent/parser.go:68.53,69.30 1 1
github.com/user/armage/pkg/agent/parser.go:69.30,71.7 1 1
github.com/user/armage/pkg/agent/parser.go:71.12,71.37 1 1
github.com/user/armage/pkg/agent/parser.go:71.37,73.21 2 1
github.com/user/armage/pkg/agent/parser.go:73.21,75.13 2 1
github.com/user/armage/pkg/agent/parser.go:80.5,80.39 1 1
github.com/user/armage/pkg/agent/parser.go:80.39,86.6 2 1
github.com/user/armage/pkg/agent/parser.go:92.2,93.34 2 1
github.com/user/armage/pkg/agent/parser.go:93.34,96.25 3 1
github.com/user/armage/pkg/agent/parser.go:96.25,97.12 1 0
github.com/user/armage/pkg/agent/parser.go:99.3,103.35 4 1
github.com/user/armage/pkg/agent/parser.go:103.35,104.19 1 1
github.com/user/armage/pkg/agent/parser.go:104.19,108.5 3 1
github.com/user/armage/pkg/agent/parser.go:111.3,115.5 2 1
github.com/user/armage/pkg/agent/parser.go:119.2,119.42 1 1
github.com/user/armage/pkg/agent/parser.go:119.42,121.3 1 1
github.com/user/armage/pkg/agent/parser.go:123.2,123.42 1 1
github.com/user/armage/pkg/agent/parser.go:123.42,125.3 1 0
github.com/user/armage/pkg/agent/parser.go:127.2,127.32 1 1
github.com/user/armage/pkg/agent/patch_tool.go:19.40,19.64 1 0
github.com/user/armage/pkg/agent/patch_tool.go:21.47,23.2 1 0
github.com/user/armage/pkg/agent/patch_tool.go:25.84,27.57 2 1
github.com/user/armage/pkg/agent/patch_tool.go:27.57,29.3 1 0
github.com/user/armage/pkg/agent/patch_tool.go:31.2,31.35 1 1
github.com/user/armage/pkg/agent/patch_tool.go:31.35,33.3 1 0
github.com/user/armage/pkg/agent/patch_tool.go:36.2,37.71 2 1
github.com/user/armage/pkg/agent/patch_tool.go:37.71,39.3 1 0
github.com/user/armage/pkg/agent/patch_tool.go:40.2,46.16 4 1
github.com/user/armage/pkg/agent/patch_tool.go:46.16,48.3 1 0
github.com/user/armage/pkg/agent/patch_tool.go:50.2,50.90 1 1
github.com/user/armage/pkg/agent/pin_tool.go:18.33,18.54 1 0
github.com/user/armage/pkg/agent/pin_tool.go:20.40,22.2 1 0
github.com/user/armage/pkg/agent/pin_tool.go:24.77,26.57 2 0
github.com/user/armage/pkg/agent/pin_tool.go:26.57,28.3 1 0
github.com/user/armage/pkg/agent/pin_tool.go:30.2,30.18 1 0
github.com/user/armage/pkg/agent/pin_tool.go:30.18,32.3 1 0
github.com/user/armage/pkg/agent/pin_tool.go:34.2,34.20 1 0
github.com/user/armage/pkg/agent/pin_tool.go:34.20,36.3 1 0
github.com/user/armage/pkg/agent/pin_tool.go:38.2,39.16 2 0
github.com/user/armage/pkg/agent/pin_tool.go:39.16,41.3 1 0
github.com/user/armage/pkg/agent/pin_tool.go:43.2,43.71 1 0
github.com/user/armage/pkg/agent/planning_tool.go:19.38,19.63 1 1
github.com/user/armage/pkg/agent/planning_tool.go:21.45,23.2 1 0
github.com/user/armage/pkg/agent/planning_tool.go:25.82,27.57 2 1
github.com/user/armage/pkg/agent/planning_tool.go:27.57,29.3 1 0
github.com/user/armage/pkg/agent/planning_tool.go:31.2,31.18 1 1
github.com/user/armage/pkg/agent/planning_tool.go:31.18,33.3 1 0
github.com/user/armage/pkg/agent/planning_tool.go:36.2,37.16 2 1
github.com/user/armage/pkg/agent/planning_tool.go:37.16,39.3 1 0
github.com/user/armage/pkg/agent/planning_tool.go:42.2,42.20 1 1
github.com/user/armage/pkg/agent/planning_tool.go:42.20,44.17 2 1
github.com/user/armage/pkg/agent/planning_tool.go:44.17,46.4 1 0
github.com/user/armage/pkg/agent/planning_tool.go:49.2,49.114 1 1
github.com/user/armage/pkg/agent/read_tool.go:14.41,14.63 1 0
github.com/user/armage/pkg/agent/read_tool.go:15.41,15.119 1 0
github.com/user/armage/pkg/agent/read_tool.go:23.78,26.57 2 1
github.com/user/armage/pkg/agent/read_tool.go:26.57,29.3 1 1
github.com/user/armage/pkg/agent/read_tool.go:31.2,31.18 1 1
github.com/user/armage/pkg/agent/read_tool.go:31.18,33.3 1 0
github.com/user/armage/pkg/agent/read_tool.go:35.2,36.16 2 1
github.com/user/armage/pkg/agent/read_tool.go:36.16,38.3 1 0
github.com/user/armage/pkg/agent/read_tool.go:39.2,44.21 5 1
github.com/user/armage/pkg/agent/read_tool.go:44.21,45.79 1 1
github.com/user/armage/pkg/agent/read_tool.go:45.79,47.4 1 1
github.com/user/armage/pkg/agent/read_tool.go:48.3,49.35 2 1
github.com/user/armage/pkg/agent/read_tool.go:49.35,50.9 1 1
github.com/user/armage/pkg/agent/read_tool.go:54.2,54.38 1 1
github.com/user/armage/pkg/agent/read_tool.go:54.38,56.3 1 0
github.com/user/armage/pkg/agent/read_tool.go:58.2,58.39 1 1
github.com/user/armage/pkg/agent/search_tool.go:13.43,13.67 1 0
github.com/user/armage/pkg/agent/search_tool.go:14.43,14.114 1 0
github.com/user/armage/pkg/agent/search_tool.go:21.80,24.57 2 1
github.com/user/armage/pkg/agent/search_tool.go:24.57,28.3 2 1
github.com/user/armage/pkg/agent/search_tool.go:30.2,30.21 1 1
github.com/user/armage/pkg/agent/search_tool.go:30.21,32.3 1 0
github.com/user/armage/pkg/agent/search_tool.go:33.2,33.18 1 1
github.com/user/armage/pkg/agent/search_tool.go:33.18,35.3 1 0
github.com/user/armage/pkg/agent/search_tool.go:39.2,43.18 4 1
github.com/user/armage/pkg/agent/search_tool.go:43.18,45.3 1 0
github.com/user/armage/pkg/agent/search_tool.go:48.2,49.22 2 1
github.com/user/armage/pkg/agent/search_tool.go:49.22,51.3 1 0
github.com/user/armage/pkg/agent/search_tool.go:53.2,53.20 1 1
github.com/user/armage/pkg/agent/shell_tool.go:13.42,13.60 1 1
github.com/user/armage/pkg/agent/shell_tool.go:14.42,14.103 1 0
github.com/user/armage/pkg/agent/shell_tool.go:20.79,23.57 2 1
github.com/user/armage/pkg/agent/shell_tool.go:23.57,26.3 1 1
github.com/user/armage/pkg/agent/shell_tool.go:28.2,32.19 3 1
github.com/user/armage/pkg/agent/shell_tool.go:32.19,34.3 1 0
github.com/user/armage/pkg/agent/shell_tool.go:36.2,38.16 3 1
github.com/user/armage/pkg/agent/shell_tool.go:38.16,40.3 1 1
github.com/user/armage/pkg/agent/shell_tool.go:41.2,41.25 1 1
github.com/user/armage/pkg/agent/symbols_tool.go:15.44,15.68 1 0
github.com/user/armage/pkg/agent/symbols_tool.go:16.44,16.103 1 0
github.com/user/armage/pkg/agent/symbols_tool.go:22.81,25.57 2 1
github.com/user/armage/pkg/agent/symbols_tool.go:25.57,28.3 1 1
github.com/user/armage/pkg/agent/symbols_tool.go:30.2,30.18 1 1
github.com/user/armage/pkg/agent/symbols_tool.go:30.18,32.3 1 0
github.com/user/armage/pkg/agent/symbols_tool.go:34.2,35.16 2 1
github.com/user/armage/pkg/agent/symbols_tool.go:35.16,37.3 1 0
github.com/user/armage/pkg/agent/symbols_tool.go:38.2,52.21 6 1
github.com/user/armage/pkg/agent/symbols_tool.go:52.21,54.37 2 1
github.com/user/armage/pkg/agent/symbols_tool.go:54.37,55.60 1 1
github.com/user/armage/pkg/agent/symbols_tool.go:55.60,57.10 2 1
github.com/user/armage/pkg/agent/symbols_tool.go:60.3,60.12 1 1
github.com/user/armage/pkg/agent/symbols_tool.go:63.2,63.23 1 1
github.com/user/armage/pkg/agent/symbols_tool.go:63.23,65.3 1 0
github.com/user/armage/pkg/agent/symbols_tool.go:67.2,67.41 1 1
github.com/user/armage/pkg/agent/tools.go:19.30,23.2 1 1
github.com/user/armage/pkg/agent/tools.go:25.37,27.2 1 1
github.com/user/armage/pkg/agent/tools.go:29.50,32.2 2 1
github.com/user/armage/pkg/agent/write_tool.go:18.35,18.58 1 1
github.com/user/armage/pkg/agent/write_tool.go:20.42,22.2 1 0
github.com/user/armage/pkg/agent/write_tool.go:24.79,26.57 2 1
github.com/user/armage/pkg/agent/write_tool.go:26.57,28.3 1 0
github.com/user/armage/pkg/agent/write_tool.go:30.2,30.18 1 1
github.com/user/armage/pkg/agent/write_tool.go:30.18,32.3 1 0
github.com/user/armage/pkg/agent/write_tool.go:35.2,36.16 2 1
github.com/user/armage/pkg/agent/write_tool.go:36.16,37.49 1 0
github.com/user/armage/pkg/agent/write_tool.go:37.49,39.49 1 0
github.com/user/armage/pkg/agent/write_tool.go:39.49,41.5 1 0
github.com/user/armage/pkg/agent/write_tool.go:46.2,47.71 2 1
github.com/user/armage/pkg/agent/write_tool.go:47.71,49.3 1 0
github.com/user/armage/pkg/agent/write_tool.go:52.2,52.51 1 1
github.com/user/armage/pkg/agent/write_tool.go:52.51,56.3 2 0
github.com/user/armage/pkg/agent/write_tool.go:58.2,58.61 1 1
